<?xml version="1.0" encoding="UTF-8"?>
<coverage generated="1525519586310" clover="3.2.0">
  <project timestamp="1525519586310" name="All files">
    <metrics statements="25" coveredstatements="25" conditionals="29" coveredconditionals="29" methods="1" coveredmethods="1" elements="55" coveredelements="55" complexity="0" loc="25" ncloc="25" packages="1" files="1" classes="1">
      <file name="fromNow.js" path="/Users/liushuang/code/git-project/Utils.js/function/fromNow.js">
        <metrics statements="25" coveredstatements="25" conditionals="29" coveredconditionals="29" methods="1" coveredmethods="1"/>
        <line num="2" count="14" type="cond" truecount="2" falsecount="0"/>
        <line num="4" count="14" type="cond" truecount="2" falsecount="0"/>
        <line num="5" count="14" type="cond" truecount="2" falsecount="0"/>
        <line num="7" count="14" type="cond" truecount="5" falsecount="0"/>
        <line num="8" count="12" type="cond" truecount="4" falsecount="0"/>
        <line num="9" count="11" type="cond" truecount="2" falsecount="0"/>
        <line num="11" count="10" type="stmt"/>
        <line num="13" count="10" type="stmt"/>
        <line num="14" count="10" type="stmt"/>
        <line num="15" count="10" type="stmt"/>
        <line num="16" count="10" type="stmt"/>
        <line num="17" count="10" type="stmt"/>
        <line num="19" count="10" type="stmt"/>
        <line num="20" count="10" type="stmt"/>
        <line num="21" count="10" type="stmt"/>
        <line num="22" count="10" type="stmt"/>
        <line num="23" count="10" type="stmt"/>
        <line num="24" count="10" type="stmt"/>
        <line num="26" count="10" type="cond" truecount="2" falsecount="0"/>
        <line num="27" count="9" type="cond" truecount="2" falsecount="0"/>
        <line num="28" count="8" type="cond" truecount="2" falsecount="0"/>
        <line num="29" count="7" type="cond" truecount="2" falsecount="0"/>
        <line num="30" count="5" type="cond" truecount="2" falsecount="0"/>
        <line num="31" count="3" type="cond" truecount="2" falsecount="0"/>
        <line num="32" count="2" type="stmt"/>
      </file>
    </metrics>
  </project>
</coverage>
