{"/Users/liushuang/code/git-project/Utils.js/function/fromNow.js": {"path":"/Users/liushuang/code/git-project/Utils.js/function/fromNow.js","statementMap":{"0":{"start":{"line":2,"column":2},"end":{"line":2,"column":25}},"1":{"start":{"line":4,"column":13},"end":{"line":4,"column":60}},"2":{"start":{"line":5,"column":16},"end":{"line":5,"column":60}},"3":{"start":{"line":7,"column":2},"end":{"line":7,"column":109}},"4":{"start":{"line":7,"column":58},"end":{"line":7,"column":109}},"5":{"start":{"line":8,"column":2},"end":{"line":8,"column":100}},"6":{"start":{"line":8,"column":49},"end":{"line":8,"column":100}},"7":{"start":{"line":9,"column":2},"end":{"line":9,"column":59}},"8":{"start":{"line":9,"column":18},"end":{"line":9,"column":59}},"9":{"start":{"line":11,"column":14},"end":{"line":11,"column":24}},"10":{"start":{"line":13,"column":19},"end":{"line":13,"column":28}},"11":{"start":{"line":14,"column":13},"end":{"line":14,"column":26}},"12":{"start":{"line":15,"column":12},"end":{"line":15,"column":23}},"13":{"start":{"line":16,"column":14},"end":{"line":16,"column":24}},"14":{"start":{"line":17,"column":13},"end":{"line":17,"column":24}},"15":{"start":{"line":19,"column":13},"end":{"line":19,"column":35}},"16":{"start":{"line":20,"column":9},"end":{"line":20,"column":35}},"17":{"start":{"line":21,"column":11},"end":{"line":21,"column":35}},"18":{"start":{"line":22,"column":10},"end":{"line":22,"column":33}},"19":{"start":{"line":23,"column":9},"end":{"line":23,"column":34}},"20":{"start":{"line":24,"column":8},"end":{"line":24,"column":32}},"21":{"start":{"line":26,"column":2},"end":{"line":32,"column":24}},"22":{"start":{"line":26,"column":16},"end":{"line":26,"column":27}},"23":{"start":{"line":27,"column":7},"end":{"line":32,"column":24}},"24":{"start":{"line":27,"column":20},"end":{"line":27,"column":38}},"25":{"start":{"line":28,"column":7},"end":{"line":32,"column":24}},"26":{"start":{"line":28,"column":20},"end":{"line":28,"column":39}},"27":{"start":{"line":29,"column":7},"end":{"line":32,"column":24}},"28":{"start":{"line":29,"column":22},"end":{"line":29,"column":43}},"29":{"start":{"line":30,"column":7},"end":{"line":32,"column":24}},"30":{"start":{"line":30,"column":21},"end":{"line":30,"column":40}},"31":{"start":{"line":31,"column":7},"end":{"line":32,"column":24}},"32":{"start":{"line":31,"column":20},"end":{"line":31,"column":39}},"33":{"start":{"line":32,"column":7},"end":{"line":32,"column":24}}},"fnMap":{"0":{"name":"fromNow","decl":{"start":{"line":1,"column":9},"end":{"line":1,"column":16}},"loc":{"start":{"line":1,"column":28},"end":{"line":33,"column":1}},"line":1}},"branchMap":{"0":{"loc":{"start":{"line":2,"column":8},"end":{"line":2,"column":25}},"type":"binary-expr","locations":[{"start":{"line":2,"column":8},"end":{"line":2,"column":11}},{"start":{"line":2,"column":15},"end":{"line":2,"column":25}}],"line":2},"1":{"loc":{"start":{"line":4,"column":13},"end":{"line":4,"column":60}},"type":"cond-expr","locations":[{"start":{"line":4,"column":28},"end":{"line":4,"column":52}},{"start":{"line":4,"column":55},"end":{"line":4,"column":60}}],"line":4},"2":{"loc":{"start":{"line":5,"column":16},"end":{"line":5,"column":60}},"type":"cond-expr","locations":[{"start":{"line":5,"column":30},"end":{"line":5,"column":53}},{"start":{"line":5,"column":56},"end":{"line":5,"column":60}}],"line":5},"3":{"loc":{"start":{"line":7,"column":2},"end":{"line":7,"column":109}},"type":"if","locations":[{"start":{"line":7,"column":2},"end":{"line":7,"column":109}},{"start":{"line":7,"column":2},"end":{"line":7,"column":109}}],"line":7},"4":{"loc":{"start":{"line":7,"column":6},"end":{"line":7,"column":56}},"type":"binary-expr","locations":[{"start":{"line":7,"column":6},"end":{"line":7,"column":15}},{"start":{"line":7,"column":19},"end":{"line":7,"column":41}},{"start":{"line":7,"column":45},"end":{"line":7,"column":56}}],"line":7},"5":{"loc":{"start":{"line":8,"column":2},"end":{"line":8,"column":100}},"type":"if","locations":[{"start":{"line":8,"column":2},"end":{"line":8,"column":100}},{"start":{"line":8,"column":2},"end":{"line":8,"column":100}}],"line":8},"6":{"loc":{"start":{"line":8,"column":6},"end":{"line":8,"column":47}},"type":"binary-expr","locations":[{"start":{"line":8,"column":6},"end":{"line":8,"column":18}},{"start":{"line":8,"column":22},"end":{"line":8,"column":47}}],"line":8},"7":{"loc":{"start":{"line":9,"column":2},"end":{"line":9,"column":59}},"type":"if","locations":[{"start":{"line":9,"column":2},"end":{"line":9,"column":59}},{"start":{"line":9,"column":2},"end":{"line":9,"column":59}}],"line":9},"8":{"loc":{"start":{"line":26,"column":2},"end":{"line":32,"column":24}},"type":"if","locations":[{"start":{"line":26,"column":2},"end":{"line":32,"column":24}},{"start":{"line":26,"column":2},"end":{"line":32,"column":24}}],"line":26},"9":{"loc":{"start":{"line":27,"column":7},"end":{"line":32,"column":24}},"type":"if","locations":[{"start":{"line":27,"column":7},"end":{"line":32,"column":24}},{"start":{"line":27,"column":7},"end":{"line":32,"column":24}}],"line":27},"10":{"loc":{"start":{"line":28,"column":7},"end":{"line":32,"column":24}},"type":"if","locations":[{"start":{"line":28,"column":7},"end":{"line":32,"column":24}},{"start":{"line":28,"column":7},"end":{"line":32,"column":24}}],"line":28},"11":{"loc":{"start":{"line":29,"column":7},"end":{"line":32,"column":24}},"type":"if","locations":[{"start":{"line":29,"column":7},"end":{"line":32,"column":24}},{"start":{"line":29,"column":7},"end":{"line":32,"column":24}}],"line":29},"12":{"loc":{"start":{"line":30,"column":7},"end":{"line":32,"column":24}},"type":"if","locations":[{"start":{"line":30,"column":7},"end":{"line":32,"column":24}},{"start":{"line":30,"column":7},"end":{"line":32,"column":24}}],"line":30},"13":{"loc":{"start":{"line":31,"column":7},"end":{"line":32,"column":24}},"type":"if","locations":[{"start":{"line":31,"column":7},"end":{"line":32,"column":24}},{"start":{"line":31,"column":7},"end":{"line":32,"column":24}}],"line":31}},"s":{"0":14,"1":14,"2":14,"3":14,"4":2,"5":12,"6":1,"7":11,"8":1,"9":10,"10":10,"11":10,"12":10,"13":10,"14":10,"15":10,"16":10,"17":10,"18":10,"19":10,"20":10,"21":10,"22":1,"23":9,"24":1,"25":8,"26":1,"27":7,"28":2,"29":5,"30":2,"31":3,"32":1,"33":2},"f":{"0":14},"b":{"0":[14,1],"1":[11,3],"2":[11,3],"3":[2,12],"4":[14,13,13],"5":[1,11],"6":[12,11],"7":[1,10],"8":[1,9],"9":[1,8],"10":[1,7],"11":[2,5],"12":[2,3],"13":[1,2]},"_coverageSchema":"332fd63041d2c1bcb487cc26dd0d5f7d97098a6c","hash":"7c60c8514b780472d00e201bccfd9532a653977a"}
}
