{"/Users/liushuang/code/git-project/tools.js/function/fromNow.js": {"path":"/Users/liushuang/code/git-project/tools.js/function/fromNow.js","statementMap":{"0":{"start":{"line":4,"column":2},"end":{"line":4,"column":25}},"1":{"start":{"line":6,"column":13},"end":{"line":6,"column":62}},"2":{"start":{"line":7,"column":16},"end":{"line":7,"column":62}},"3":{"start":{"line":9,"column":2},"end":{"line":9,"column":71}},"4":{"start":{"line":9,"column":21},"end":{"line":9,"column":71}},"5":{"start":{"line":10,"column":2},"end":{"line":10,"column":74}},"6":{"start":{"line":10,"column":24},"end":{"line":10,"column":74}},"7":{"start":{"line":11,"column":2},"end":{"line":11,"column":59}},"8":{"start":{"line":11,"column":18},"end":{"line":11,"column":59}},"9":{"start":{"line":13,"column":14},"end":{"line":13,"column":24}},"10":{"start":{"line":15,"column":19},"end":{"line":15,"column":28}},"11":{"start":{"line":16,"column":13},"end":{"line":16,"column":26}},"12":{"start":{"line":17,"column":12},"end":{"line":17,"column":23}},"13":{"start":{"line":18,"column":14},"end":{"line":18,"column":24}},"14":{"start":{"line":19,"column":13},"end":{"line":19,"column":24}},"15":{"start":{"line":21,"column":13},"end":{"line":21,"column":35}},"16":{"start":{"line":22,"column":9},"end":{"line":22,"column":35}},"17":{"start":{"line":23,"column":11},"end":{"line":23,"column":35}},"18":{"start":{"line":24,"column":10},"end":{"line":24,"column":33}},"19":{"start":{"line":25,"column":9},"end":{"line":25,"column":34}},"20":{"start":{"line":26,"column":8},"end":{"line":26,"column":32}},"21":{"start":{"line":28,"column":2},"end":{"line":34,"column":23}},"22":{"start":{"line":28,"column":16},"end":{"line":28,"column":27}},"23":{"start":{"line":29,"column":7},"end":{"line":34,"column":23}},"24":{"start":{"line":29,"column":20},"end":{"line":29,"column":37}},"25":{"start":{"line":30,"column":7},"end":{"line":34,"column":23}},"26":{"start":{"line":30,"column":20},"end":{"line":30,"column":38}},"27":{"start":{"line":31,"column":7},"end":{"line":34,"column":23}},"28":{"start":{"line":31,"column":22},"end":{"line":31,"column":42}},"29":{"start":{"line":32,"column":7},"end":{"line":34,"column":23}},"30":{"start":{"line":32,"column":21},"end":{"line":32,"column":39}},"31":{"start":{"line":33,"column":7},"end":{"line":34,"column":23}},"32":{"start":{"line":33,"column":20},"end":{"line":33,"column":38}},"33":{"start":{"line":34,"column":7},"end":{"line":34,"column":23}}},"fnMap":{"0":{"name":"fromNow","decl":{"start":{"line":3,"column":9},"end":{"line":3,"column":16}},"loc":{"start":{"line":3,"column":28},"end":{"line":35,"column":1}},"line":3}},"branchMap":{"0":{"loc":{"start":{"line":4,"column":8},"end":{"line":4,"column":25}},"type":"binary-expr","locations":[{"start":{"line":4,"column":8},"end":{"line":4,"column":11}},{"start":{"line":4,"column":15},"end":{"line":4,"column":25}}],"line":4},"1":{"loc":{"start":{"line":6,"column":13},"end":{"line":6,"column":62}},"type":"cond-expr","locations":[{"start":{"line":6,"column":30},"end":{"line":6,"column":35}},{"start":{"line":6,"column":38},"end":{"line":6,"column":62}}],"line":6},"2":{"loc":{"start":{"line":7,"column":16},"end":{"line":7,"column":62}},"type":"cond-expr","locations":[{"start":{"line":7,"column":32},"end":{"line":7,"column":36}},{"start":{"line":7,"column":39},"end":{"line":7,"column":62}}],"line":7},"3":{"loc":{"start":{"line":9,"column":2},"end":{"line":9,"column":71}},"type":"if","locations":[{"start":{"line":9,"column":2},"end":{"line":9,"column":71}},{"start":{"line":9,"column":2},"end":{"line":9,"column":71}}],"line":9},"4":{"loc":{"start":{"line":10,"column":2},"end":{"line":10,"column":74}},"type":"if","locations":[{"start":{"line":10,"column":2},"end":{"line":10,"column":74}},{"start":{"line":10,"column":2},"end":{"line":10,"column":74}}],"line":10},"5":{"loc":{"start":{"line":11,"column":2},"end":{"line":11,"column":59}},"type":"if","locations":[{"start":{"line":11,"column":2},"end":{"line":11,"column":59}},{"start":{"line":11,"column":2},"end":{"line":11,"column":59}}],"line":11},"6":{"loc":{"start":{"line":28,"column":2},"end":{"line":34,"column":23}},"type":"if","locations":[{"start":{"line":28,"column":2},"end":{"line":34,"column":23}},{"start":{"line":28,"column":2},"end":{"line":34,"column":23}}],"line":28},"7":{"loc":{"start":{"line":29,"column":7},"end":{"line":34,"column":23}},"type":"if","locations":[{"start":{"line":29,"column":7},"end":{"line":34,"column":23}},{"start":{"line":29,"column":7},"end":{"line":34,"column":23}}],"line":29},"8":{"loc":{"start":{"line":30,"column":7},"end":{"line":34,"column":23}},"type":"if","locations":[{"start":{"line":30,"column":7},"end":{"line":34,"column":23}},{"start":{"line":30,"column":7},"end":{"line":34,"column":23}}],"line":30},"9":{"loc":{"start":{"line":31,"column":7},"end":{"line":34,"column":23}},"type":"if","locations":[{"start":{"line":31,"column":7},"end":{"line":34,"column":23}},{"start":{"line":31,"column":7},"end":{"line":34,"column":23}}],"line":31},"10":{"loc":{"start":{"line":32,"column":7},"end":{"line":34,"column":23}},"type":"if","locations":[{"start":{"line":32,"column":7},"end":{"line":34,"column":23}},{"start":{"line":32,"column":7},"end":{"line":34,"column":23}}],"line":32},"11":{"loc":{"start":{"line":33,"column":7},"end":{"line":34,"column":23}},"type":"if","locations":[{"start":{"line":33,"column":7},"end":{"line":34,"column":23}},{"start":{"line":33,"column":7},"end":{"line":34,"column":23}}],"line":33}},"s":{"0":14,"1":14,"2":14,"3":14,"4":2,"5":12,"6":1,"7":11,"8":1,"9":10,"10":10,"11":10,"12":10,"13":10,"14":10,"15":10,"16":10,"17":10,"18":10,"19":10,"20":10,"21":10,"22":1,"23":9,"24":1,"25":8,"26":1,"27":7,"28":2,"29":5,"30":1,"31":4,"32":2,"33":2},"f":{"0":14},"b":{"0":[14,1],"1":[2,12],"2":[2,12],"3":[2,12],"4":[1,11],"5":[1,10],"6":[1,9],"7":[1,8],"8":[1,7],"9":[2,5],"10":[1,4],"11":[2,2]},"_coverageSchema":"332fd63041d2c1bcb487cc26dd0d5f7d97098a6c","hash":"590b07507074e7c8518333e22a9db58f8030cac0"}
,"/Users/liushuang/code/git-project/tools.js/function/isNumber.js": {"path":"/Users/liushuang/code/git-project/tools.js/function/isNumber.js","statementMap":{"0":{"start":{"line":2,"column":17},"end":{"line":2,"column":21}},"1":{"start":{"line":4,"column":2},"end":{"line":4,"column":43}},"2":{"start":{"line":4,"column":31},"end":{"line":4,"column":43}},"3":{"start":{"line":5,"column":2},"end":{"line":5,"column":33}},"4":{"start":{"line":5,"column":22},"end":{"line":5,"column":33}},"5":{"start":{"line":6,"column":2},"end":{"line":10,"column":3}},"6":{"start":{"line":8,"column":4},"end":{"line":8,"column":55}},"7":{"start":{"line":8,"column":43},"end":{"line":8,"column":55}},"8":{"start":{"line":9,"column":4},"end":{"line":9,"column":15}},"9":{"start":{"line":11,"column":2},"end":{"line":11,"column":14}}},"fnMap":{"0":{"name":"isNumber","decl":{"start":{"line":1,"column":9},"end":{"line":1,"column":17}},"loc":{"start":{"line":1,"column":23},"end":{"line":12,"column":1}},"line":1}},"branchMap":{"0":{"loc":{"start":{"line":4,"column":2},"end":{"line":4,"column":43}},"type":"if","locations":[{"start":{"line":4,"column":2},"end":{"line":4,"column":43}},{"start":{"line":4,"column":2},"end":{"line":4,"column":43}}],"line":4},"1":{"loc":{"start":{"line":5,"column":2},"end":{"line":5,"column":33}},"type":"if","locations":[{"start":{"line":5,"column":2},"end":{"line":5,"column":33}},{"start":{"line":5,"column":2},"end":{"line":5,"column":33}}],"line":5},"2":{"loc":{"start":{"line":6,"column":2},"end":{"line":10,"column":3}},"type":"if","locations":[{"start":{"line":6,"column":2},"end":{"line":10,"column":3}},{"start":{"line":6,"column":2},"end":{"line":10,"column":3}}],"line":6},"3":{"loc":{"start":{"line":8,"column":4},"end":{"line":8,"column":55}},"type":"if","locations":[{"start":{"line":8,"column":4},"end":{"line":8,"column":55}},{"start":{"line":8,"column":4},"end":{"line":8,"column":55}}],"line":8},"4":{"loc":{"start":{"line":8,"column":8},"end":{"line":8,"column":41}},"type":"binary-expr","locations":[{"start":{"line":8,"column":8},"end":{"line":8,"column":20}},{"start":{"line":8,"column":24},"end":{"line":8,"column":41}}],"line":8}},"s":{"0":68,"1":68,"2":29,"3":39,"4":27,"5":12,"6":9,"7":2,"8":7,"9":3},"f":{"0":68},"b":{"0":[29,39],"1":[27,12],"2":[9,3],"3":[2,7],"4":[9,3]},"_coverageSchema":"332fd63041d2c1bcb487cc26dd0d5f7d97098a6c","hash":"9ce191bd5bbf4f2ff02a06092c5e998283505cc5"}
}
