TN:
SF:/Users/liushuang/code/git-project/tools.js/function/date/format.js
FN:3,format
FN:24,(anonymous_1)
FNF:2
FNH:2
FNDA:16,format
FNDA:57,(anonymous_1)
DA:4,16
DA:5,16
DA:7,16
DA:8,2
DA:10,14
DA:11,1
DA:14,13
DA:15,13
DA:16,13
DA:17,13
DA:18,13
DA:19,13
DA:20,13
DA:22,13
DA:25,57
DA:27,2
DA:30,9
DA:32,3
DA:34,9
DA:36,3
DA:38,7
DA:40,3
DA:42,7
DA:44,3
DA:46,7
DA:48,1
DA:50,3
DA:54,13
LF:28
LH:28
BRDA:3,0,0,3
BRDA:4,1,0,3
BRDA:4,1,1,13
BRDA:7,2,0,2
BRDA:7,2,1,14
BRDA:10,3,0,1
BRDA:10,3,1,13
BRDA:25,4,0,2
BRDA:25,4,1,1
BRDA:25,4,2,9
BRDA:25,4,3,3
BRDA:25,4,4,9
BRDA:25,4,5,3
BRDA:25,4,6,7
BRDA:25,4,7,3
BRDA:25,4,8,7
BRDA:25,4,9,3
BRDA:25,4,10,7
BRDA:25,4,11,1
BRDA:25,4,12,3
BRDA:34,5,0,7
BRDA:34,5,1,2
BRDA:38,6,0,5
BRDA:38,6,1,2
BRDA:42,7,0,6
BRDA:42,7,1,1
BRDA:46,8,0,6
BRDA:46,8,1,1
BRDA:50,9,0,2
BRDA:50,9,1,1
BRF:30
BRH:30
end_of_record
TN:
SF:/Users/liushuang/code/git-project/tools.js/function/date/fromNow.js
FN:3,fromNow
FNF:1
FNH:1
FNDA:14,fromNow
DA:4,14
DA:6,14
DA:7,14
DA:9,14
DA:10,12
DA:11,11
DA:13,10
DA:15,10
DA:16,10
DA:17,10
DA:18,10
DA:19,10
DA:21,10
DA:22,10
DA:23,10
DA:24,10
DA:25,10
DA:26,10
DA:28,10
DA:29,9
DA:30,8
DA:31,7
DA:32,5
DA:33,4
DA:34,2
LF:25
LH:25
BRDA:4,0,0,14
BRDA:4,0,1,1
BRDA:6,1,0,2
BRDA:6,1,1,12
BRDA:7,2,0,2
BRDA:7,2,1,12
BRDA:9,3,0,2
BRDA:9,3,1,12
BRDA:10,4,0,1
BRDA:10,4,1,11
BRDA:11,5,0,1
BRDA:11,5,1,10
BRDA:28,6,0,1
BRDA:28,6,1,9
BRDA:29,7,0,1
BRDA:29,7,1,8
BRDA:30,8,0,1
BRDA:30,8,1,7
BRDA:31,9,0,2
BRDA:31,9,1,5
BRDA:32,10,0,1
BRDA:32,10,1,4
BRDA:33,11,0,2
BRDA:33,11,1,2
BRF:24
BRH:24
end_of_record
TN:
SF:/Users/liushuang/code/git-project/tools.js/function/number/isNumber.js
FN:1,isNumber
FNF:1
FNH:1
FNDA:84,isNumber
DA:2,84
DA:4,84
DA:5,53
DA:6,12
DA:8,9
DA:9,7
DA:11,3
LF:7
LH:7
BRDA:4,0,0,31
BRDA:4,0,1,53
BRDA:5,1,0,41
BRDA:5,1,1,12
BRDA:6,2,0,9
BRDA:6,2,1,3
BRDA:8,3,0,2
BRDA:8,3,1,7
BRDA:8,4,0,9
BRDA:8,4,1,3
BRF:10
BRH:10
end_of_record
