TN:
SF:/Users/liushuang/code/git-project/Utils.js/function/fromNow.js
FN:1,fromNow
FNF:1
FNH:1
FNDA:14,fromNow
DA:2,14
DA:4,14
DA:5,14
DA:7,14
DA:8,12
DA:9,11
DA:11,10
DA:13,10
DA:14,10
DA:15,10
DA:16,10
DA:17,10
DA:19,10
DA:20,10
DA:21,10
DA:22,10
DA:23,10
DA:24,10
DA:26,10
DA:27,9
DA:28,8
DA:29,7
DA:30,5
DA:31,3
DA:32,2
LF:25
LH:25
BRDA:2,0,0,14
BRDA:2,0,1,1
BRDA:4,1,0,11
BRDA:4,1,1,3
BRDA:5,2,0,11
BRDA:5,2,1,3
BRDA:7,3,0,2
BRDA:7,3,1,12
BRDA:7,4,0,14
BRDA:7,4,1,13
BRDA:7,4,2,13
BRDA:8,5,0,1
BRDA:8,5,1,11
BRDA:8,6,0,12
BRDA:8,6,1,11
BRDA:9,7,0,1
BRDA:9,7,1,10
BRDA:26,8,0,1
BRDA:26,8,1,9
BRDA:27,9,0,1
BRDA:27,9,1,8
BRDA:28,10,0,1
BRDA:28,10,1,7
BRDA:29,11,0,2
BRDA:29,11,1,5
BRDA:30,12,0,2
BRDA:30,12,1,3
BRDA:31,13,0,1
BRDA:31,13,1,2
BRF:29
BRH:29
end_of_record
